{"C:\\Users\\kimse\\Desktop\\short_fe\\prac_3_test\\src\\chunk.ts": {"path":"C:\\Users\\kimse\\Desktop\\short_fe\\prac_3_test\\src\\chunk.ts","statementMap":{"0":{"start":{"line":17,"column":0},"end":{"line":17,"column":16}},"1":{"start":{"line":18,"column":2},"end":{"line":18,"column":27}},"2":{"start":{"line":19,"column":17},"end":{"line":19,"column":49}},"3":{"start":{"line":20,"column":2},"end":{"line":22,"column":3}},"4":{"start":{"line":21,"column":4},"end":{"line":21,"column":14}},"5":{"start":{"line":23,"column":14},"end":{"line":23,"column":15}},"6":{"start":{"line":24,"column":17},"end":{"line":24,"column":18}},"7":{"start":{"line":25,"column":17},"end":{"line":25,"column":52}},"8":{"start":{"line":27,"column":2},"end":{"line":29,"column":3}},"9":{"start":{"line":28,"column":4},"end":{"line":28,"column":61}},"10":{"start":{"line":30,"column":2},"end":{"line":30,"column":16}}},"fnMap":{"0":{"name":"chunk","decl":{"start":{"line":17,"column":16},"end":{"line":17,"column":21}},"loc":{"start":{"line":17,"column":52},"end":{"line":31,"column":1}}}},"branchMap":{"0":{"loc":{"start":{"line":17,"column":36},"end":{"line":17,"column":52}},"type":"default-arg","locations":[{"start":{"line":17,"column":51},"end":{"line":17,"column":52}}]},"1":{"loc":{"start":{"line":19,"column":17},"end":{"line":19,"column":49}},"type":"cond-expr","locations":[{"start":{"line":19,"column":33},"end":{"line":19,"column":34}},{"start":{"line":19,"column":37},"end":{"line":19,"column":49}}]},"2":{"loc":{"start":{"line":20,"column":2},"end":{"line":22,"column":3}},"type":"if","locations":[{"start":{"line":20,"column":2},"end":{"line":22,"column":3}}]},"3":{"loc":{"start":{"line":20,"column":6},"end":{"line":20,"column":25}},"type":"binary-expr","locations":[{"start":{"line":20,"column":6},"end":{"line":20,"column":13}},{"start":{"line":20,"column":17},"end":{"line":20,"column":25}}]}},"s":{"0":1,"1":1,"2":1,"3":1,"4":0,"5":1,"6":1,"7":1,"8":1,"9":2,"10":1},"f":{"0":1},"b":{"0":[0],"1":[0,1],"2":[0],"3":[1,1]}}
,"C:\\Users\\kimse\\Desktop\\short_fe\\prac_3_test\\src\\music.test.ts": {"path":"C:\\Users\\kimse\\Desktop\\short_fe\\prac_3_test\\src\\music.test.ts","statementMap":{"0":{"start":{"line":1,"column":0},"end":{"line":1,"column":45}},"1":{"start":{"line":3,"column":0},"end":{"line":249,"column":3}},"2":{"start":{"line":6,"column":2},"end":{"line":9,"column":5}},"3":{"start":{"line":8,"column":4},"end":{"line":8,"column":38}},"4":{"start":{"line":11,"column":26},"end":{"line":16,"column":4}},"5":{"start":{"line":18,"column":28},"end":{"line":23,"column":4}},"6":{"start":{"line":24,"column":29},"end":{"line":29,"column":4}},"7":{"start":{"line":30,"column":28},"end":{"line":35,"column":4}},"8":{"start":{"line":37,"column":2},"end":{"line":54,"column":5}},"9":{"start":{"line":40,"column":28},"end":{"line":45,"column":6}},"10":{"start":{"line":47,"column":19},"end":{"line":47,"column":29}},"11":{"start":{"line":50,"column":19},"end":{"line":50,"column":49}},"12":{"start":{"line":53,"column":4},"end":{"line":53,"column":35}},"13":{"start":{"line":56,"column":2},"end":{"line":67,"column":5}},"14":{"start":{"line":59,"column":19},"end":{"line":59,"column":29}},"15":{"start":{"line":60,"column":4},"end":{"line":60,"column":35}},"16":{"start":{"line":63,"column":19},"end":{"line":63,"column":45}},"17":{"start":{"line":66,"column":4},"end":{"line":66,"column":35}},"18":{"start":{"line":69,"column":2},"end":{"line":72,"column":5}},"19":{"start":{"line":70,"column":19},"end":{"line":70,"column":45}},"20":{"start":{"line":71,"column":4},"end":{"line":71,"column":31}},"21":{"start":{"line":74,"column":2},"end":{"line":81,"column":5}},"22":{"start":{"line":76,"column":4},"end":{"line":76,"column":35}},"23":{"start":{"line":78,"column":19},"end":{"line":78,"column":64}},"24":{"start":{"line":80,"column":4},"end":{"line":80,"column":37}},"25":{"start":{"line":83,"column":2},"end":{"line":91,"column":5}},"26":{"start":{"line":87,"column":19},"end":{"line":87,"column":64}},"27":{"start":{"line":90,"column":4},"end":{"line":90,"column":35}},"28":{"start":{"line":93,"column":2},"end":{"line":102,"column":5}},"29":{"start":{"line":95,"column":4},"end":{"line":95,"column":36}},"30":{"start":{"line":98,"column":19},"end":{"line":98,"column":48}},"31":{"start":{"line":101,"column":4},"end":{"line":101,"column":37}},"32":{"start":{"line":104,"column":2},"end":{"line":112,"column":5}},"33":{"start":{"line":108,"column":19},"end":{"line":108,"column":48}},"34":{"start":{"line":111,"column":4},"end":{"line":111,"column":30}},"35":{"start":{"line":114,"column":2},"end":{"line":122,"column":5}},"36":{"start":{"line":118,"column":19},"end":{"line":118,"column":50}},"37":{"start":{"line":121,"column":4},"end":{"line":121,"column":37}},"38":{"start":{"line":124,"column":2},"end":{"line":133,"column":5}},"39":{"start":{"line":126,"column":4},"end":{"line":126,"column":36}},"40":{"start":{"line":129,"column":19},"end":{"line":129,"column":42}},"41":{"start":{"line":132,"column":4},"end":{"line":132,"column":30}},"42":{"start":{"line":135,"column":2},"end":{"line":147,"column":5}},"43":{"start":{"line":139,"column":4},"end":{"line":144,"column":5}},"44":{"start":{"line":140,"column":21},"end":{"line":140,"column":44}},"45":{"start":{"line":142,"column":6},"end":{"line":142,"column":42}},"46":{"start":{"line":143,"column":6},"end":{"line":143,"column":54}},"47":{"start":{"line":149,"column":2},"end":{"line":163,"column":5}},"48":{"start":{"line":152,"column":4},"end":{"line":152,"column":37}},"49":{"start":{"line":153,"column":4},"end":{"line":153,"column":38}},"50":{"start":{"line":154,"column":4},"end":{"line":154,"column":37}},"51":{"start":{"line":156,"column":4},"end":{"line":156,"column":38}},"52":{"start":{"line":159,"column":19},"end":{"line":159,"column":42}},"53":{"start":{"line":162,"column":4},"end":{"line":162,"column":40}},"54":{"start":{"line":165,"column":2},"end":{"line":178,"column":5}},"55":{"start":{"line":167,"column":4},"end":{"line":167,"column":37}},"56":{"start":{"line":168,"column":4},"end":{"line":168,"column":38}},"57":{"start":{"line":169,"column":4},"end":{"line":169,"column":37}},"58":{"start":{"line":171,"column":4},"end":{"line":171,"column":38}},"59":{"start":{"line":174,"column":19},"end":{"line":174,"column":42}},"60":{"start":{"line":177,"column":4},"end":{"line":177,"column":39}},"61":{"start":{"line":180,"column":2},"end":{"line":185,"column":5}},"62":{"start":{"line":184,"column":4},"end":{"line":184,"column":52}},"63":{"start":{"line":184,"column":17},"end":{"line":184,"column":40}},"64":{"start":{"line":187,"column":2},"end":{"line":200,"column":5}},"65":{"start":{"line":189,"column":4},"end":{"line":189,"column":37}},"66":{"start":{"line":190,"column":4},"end":{"line":190,"column":38}},"67":{"start":{"line":191,"column":4},"end":{"line":191,"column":37}},"68":{"start":{"line":193,"column":4},"end":{"line":193,"column":39}},"69":{"start":{"line":196,"column":19},"end":{"line":196,"column":42}},"70":{"start":{"line":199,"column":4},"end":{"line":199,"column":36}},"71":{"start":{"line":202,"column":2},"end":{"line":215,"column":5}},"72":{"start":{"line":204,"column":4},"end":{"line":204,"column":37}},"73":{"start":{"line":205,"column":4},"end":{"line":205,"column":38}},"74":{"start":{"line":206,"column":4},"end":{"line":206,"column":37}},"75":{"start":{"line":208,"column":4},"end":{"line":208,"column":38}},"76":{"start":{"line":211,"column":19},"end":{"line":211,"column":42}},"77":{"start":{"line":214,"column":4},"end":{"line":214,"column":36}},"78":{"start":{"line":217,"column":2},"end":{"line":224,"column":5}},"79":{"start":{"line":221,"column":4},"end":{"line":223,"column":17}},"80":{"start":{"line":222,"column":6},"end":{"line":222,"column":40}},"81":{"start":{"line":226,"column":2},"end":{"line":236,"column":5}},"82":{"start":{"line":228,"column":4},"end":{"line":228,"column":37}},"83":{"start":{"line":229,"column":4},"end":{"line":229,"column":38}},"84":{"start":{"line":230,"column":4},"end":{"line":230,"column":37}},"85":{"start":{"line":233,"column":4},"end":{"line":235,"column":17}},"86":{"start":{"line":234,"column":6},"end":{"line":234,"column":40}},"87":{"start":{"line":238,"column":2},"end":{"line":248,"column":5}},"88":{"start":{"line":240,"column":4},"end":{"line":240,"column":37}},"89":{"start":{"line":241,"column":4},"end":{"line":241,"column":38}},"90":{"start":{"line":242,"column":4},"end":{"line":242,"column":37}},"91":{"start":{"line":244,"column":19},"end":{"line":244,"column":54}},"92":{"start":{"line":246,"column":4},"end":{"line":246,"column":39}},"93":{"start":{"line":247,"column":4},"end":{"line":247,"column":65}}},"fnMap":{"0":{"name":"(anonymous_0)","decl":{"start":{"line":3,"column":33},"end":{"line":3,"column":36}},"loc":{"start":{"line":3,"column":38},"end":{"line":249,"column":1}}},"1":{"name":"(anonymous_1)","decl":{"start":{"line":6,"column":13},"end":{"line":6,"column":16}},"loc":{"start":{"line":6,"column":18},"end":{"line":9,"column":3}}},"2":{"name":"(anonymous_2)","decl":{"start":{"line":37,"column":31},"end":{"line":37,"column":34}},"loc":{"start":{"line":37,"column":36},"end":{"line":54,"column":3}}},"3":{"name":"(anonymous_3)","decl":{"start":{"line":56,"column":50},"end":{"line":56,"column":53}},"loc":{"start":{"line":56,"column":55},"end":{"line":67,"column":3}}},"4":{"name":"(anonymous_4)","decl":{"start":{"line":69,"column":59},"end":{"line":69,"column":62}},"loc":{"start":{"line":69,"column":64},"end":{"line":72,"column":3}}},"5":{"name":"(anonymous_5)","decl":{"start":{"line":74,"column":33},"end":{"line":74,"column":36}},"loc":{"start":{"line":74,"column":38},"end":{"line":81,"column":3}}},"6":{"name":"(anonymous_6)","decl":{"start":{"line":83,"column":36},"end":{"line":83,"column":39}},"loc":{"start":{"line":83,"column":41},"end":{"line":91,"column":3}}},"7":{"name":"(anonymous_7)","decl":{"start":{"line":93,"column":37},"end":{"line":93,"column":40}},"loc":{"start":{"line":93,"column":42},"end":{"line":102,"column":3}}},"8":{"name":"(anonymous_8)","decl":{"start":{"line":104,"column":54},"end":{"line":104,"column":57}},"loc":{"start":{"line":104,"column":59},"end":{"line":112,"column":3}}},"9":{"name":"(anonymous_9)","decl":{"start":{"line":114,"column":31},"end":{"line":114,"column":34}},"loc":{"start":{"line":114,"column":36},"end":{"line":122,"column":3}}},"10":{"name":"(anonymous_10)","decl":{"start":{"line":124,"column":35},"end":{"line":124,"column":38}},"loc":{"start":{"line":124,"column":40},"end":{"line":133,"column":3}}},"11":{"name":"(anonymous_11)","decl":{"start":{"line":135,"column":48},"end":{"line":135,"column":51}},"loc":{"start":{"line":135,"column":53},"end":{"line":147,"column":3}}},"12":{"name":"(anonymous_12)","decl":{"start":{"line":149,"column":37},"end":{"line":149,"column":40}},"loc":{"start":{"line":149,"column":42},"end":{"line":163,"column":3}}},"13":{"name":"(anonymous_13)","decl":{"start":{"line":165,"column":53},"end":{"line":165,"column":56}},"loc":{"start":{"line":165,"column":58},"end":{"line":178,"column":3}}},"14":{"name":"(anonymous_14)","decl":{"start":{"line":180,"column":51},"end":{"line":180,"column":54}},"loc":{"start":{"line":180,"column":56},"end":{"line":185,"column":3}}},"15":{"name":"(anonymous_15)","decl":{"start":{"line":184,"column":11},"end":{"line":184,"column":14}},"loc":{"start":{"line":184,"column":17},"end":{"line":184,"column":40}}},"16":{"name":"(anonymous_16)","decl":{"start":{"line":187,"column":37},"end":{"line":187,"column":40}},"loc":{"start":{"line":187,"column":42},"end":{"line":200,"column":3}}},"17":{"name":"(anonymous_17)","decl":{"start":{"line":202,"column":55},"end":{"line":202,"column":58}},"loc":{"start":{"line":202,"column":60},"end":{"line":215,"column":3}}},"18":{"name":"(anonymous_18)","decl":{"start":{"line":217,"column":40},"end":{"line":217,"column":43}},"loc":{"start":{"line":217,"column":45},"end":{"line":224,"column":3}}},"19":{"name":"(anonymous_19)","decl":{"start":{"line":221,"column":11},"end":{"line":221,"column":14}},"loc":{"start":{"line":221,"column":16},"end":{"line":223,"column":5}}},"20":{"name":"(anonymous_20)","decl":{"start":{"line":226,"column":36},"end":{"line":226,"column":39}},"loc":{"start":{"line":226,"column":41},"end":{"line":236,"column":3}}},"21":{"name":"(anonymous_21)","decl":{"start":{"line":233,"column":11},"end":{"line":233,"column":14}},"loc":{"start":{"line":233,"column":16},"end":{"line":235,"column":5}}},"22":{"name":"(anonymous_22)","decl":{"start":{"line":238,"column":53},"end":{"line":238,"column":56}},"loc":{"start":{"line":238,"column":58},"end":{"line":248,"column":3}}}},"branchMap":{},"s":{"0":0,"1":0,"2":0,"3":0,"4":0,"5":0,"6":0,"7":0,"8":0,"9":0,"10":0,"11":0,"12":0,"13":0,"14":0,"15":0,"16":0,"17":0,"18":0,"19":0,"20":0,"21":0,"22":0,"23":0,"24":0,"25":0,"26":0,"27":0,"28":0,"29":0,"30":0,"31":0,"32":0,"33":0,"34":0,"35":0,"36":0,"37":0,"38":0,"39":0,"40":0,"41":0,"42":0,"43":0,"44":0,"45":0,"46":0,"47":0,"48":0,"49":0,"50":0,"51":0,"52":0,"53":0,"54":0,"55":0,"56":0,"57":0,"58":0,"59":0,"60":0,"61":0,"62":0,"63":0,"64":0,"65":0,"66":0,"67":0,"68":0,"69":0,"70":0,"71":0,"72":0,"73":0,"74":0,"75":0,"76":0,"77":0,"78":0,"79":0,"80":0,"81":0,"82":0,"83":0,"84":0,"85":0,"86":0,"87":0,"88":0,"89":0,"90":0,"91":0,"92":0,"93":0},"f":{"0":0,"1":0,"2":0,"3":0,"4":0,"5":0,"6":0,"7":0,"8":0,"9":0,"10":0,"11":0,"12":0,"13":0,"14":0,"15":0,"16":0,"17":0,"18":0,"19":0,"20":0,"21":0,"22":0},"b":{}}
,"C:\\Users\\kimse\\Desktop\\short_fe\\prac_3_test\\src\\music.ts": {"path":"C:\\Users\\kimse\\Desktop\\short_fe\\prac_3_test\\src\\music.ts","statementMap":{"0":{"start":{"line":11,"column":10},"end":{"line":11,"column":34}},"1":{"start":{"line":12,"column":10},"end":{"line":12,"column":44}},"2":{"start":{"line":15,"column":4},"end":{"line":15,"column":31}},"3":{"start":{"line":19,"column":4},"end":{"line":19,"column":30}},"4":{"start":{"line":20,"column":4},"end":{"line":20,"column":29}},"5":{"start":{"line":24,"column":4},"end":{"line":24,"column":29}},"6":{"start":{"line":28,"column":4},"end":{"line":28,"column":29}},"7":{"start":{"line":29,"column":4},"end":{"line":29,"column":29}},"8":{"start":{"line":33,"column":4},"end":{"line":35,"column":5}},"9":{"start":{"line":34,"column":6},"end":{"line":34,"column":43}},"10":{"start":{"line":37,"column":25},"end":{"line":37,"column":66}},"11":{"start":{"line":39,"column":4},"end":{"line":43,"column":5}},"12":{"start":{"line":40,"column":6},"end":{"line":40,"column":44}},"13":{"start":{"line":42,"column":6},"end":{"line":42,"column":59}},"14":{"start":{"line":44,"column":4},"end":{"line":44,"column":29}},"15":{"start":{"line":48,"column":4},"end":{"line":50,"column":5}},"16":{"start":{"line":49,"column":6},"end":{"line":49,"column":43}},"17":{"start":{"line":51,"column":25},"end":{"line":51,"column":66}},"18":{"start":{"line":53,"column":4},"end":{"line":57,"column":5}},"19":{"start":{"line":54,"column":6},"end":{"line":54,"column":68}},"20":{"start":{"line":56,"column":6},"end":{"line":56,"column":59}},"21":{"start":{"line":58,"column":4},"end":{"line":58,"column":29}},"22":{"start":{"line":62,"column":4},"end":{"line":62,"column":31}},"23":{"start":{"line":63,"column":4},"end":{"line":63,"column":26}},"24":{"start":{"line":67,"column":4},"end":{"line":67,"column":26}},"25":{"start":{"line":71,"column":4},"end":{"line":71,"column":67}},"26":{"start":{"line":71,"column":42},"end":{"line":71,"column":65}},"27":{"start":{"line":80,"column":4},"end":{"line":82,"column":5}},"28":{"start":{"line":81,"column":6},"end":{"line":81,"column":41}},"29":{"start":{"line":83,"column":18},"end":{"line":83,"column":57}},"30":{"start":{"line":83,"column":45},"end":{"line":83,"column":56}},"31":{"start":{"line":84,"column":4},"end":{"line":92,"column":5}},"32":{"start":{"line":85,"column":6},"end":{"line":85,"column":47}},"33":{"start":{"line":87,"column":22},"end":{"line":90,"column":10}},"34":{"start":{"line":91,"column":6},"end":{"line":91,"column":21}},"35":{"start":{"line":10,"column":0},"end":{"line":10,"column":13}}},"fnMap":{"0":{"name":"(anonymous_0)","decl":{"start":{"line":14,"column":2},"end":{"line":14,"column":14}},"loc":{"start":{"line":14,"column":32},"end":{"line":16,"column":3}}},"1":{"name":"(anonymous_1)","decl":{"start":{"line":18,"column":2},"end":{"line":18,"column":11}},"loc":{"start":{"line":18,"column":24},"end":{"line":21,"column":3}}},"2":{"name":"(anonymous_2)","decl":{"start":{"line":23,"column":2},"end":{"line":23,"column":17}},"loc":{"start":{"line":23,"column":17},"end":{"line":25,"column":3}}},"3":{"name":"(anonymous_3)","decl":{"start":{"line":27,"column":2},"end":{"line":27,"column":11}},"loc":{"start":{"line":27,"column":11},"end":{"line":30,"column":3}}},"4":{"name":"(anonymous_4)","decl":{"start":{"line":32,"column":2},"end":{"line":32,"column":11}},"loc":{"start":{"line":32,"column":11},"end":{"line":45,"column":3}}},"5":{"name":"(anonymous_5)","decl":{"start":{"line":47,"column":2},"end":{"line":47,"column":11}},"loc":{"start":{"line":47,"column":11},"end":{"line":59,"column":3}}},"6":{"name":"(anonymous_6)","decl":{"start":{"line":61,"column":2},"end":{"line":61,"column":10}},"loc":{"start":{"line":61,"column":23},"end":{"line":64,"column":3}}},"7":{"name":"(anonymous_7)","decl":{"start":{"line":66,"column":2},"end":{"line":66,"column":14}},"loc":{"start":{"line":66,"column":14},"end":{"line":68,"column":3}}},"8":{"name":"(anonymous_8)","decl":{"start":{"line":70,"column":2},"end":{"line":70,"column":18}},"loc":{"start":{"line":70,"column":33},"end":{"line":72,"column":3}}},"9":{"name":"(anonymous_9)","decl":{"start":{"line":71,"column":31},"end":{"line":71,"column":32}},"loc":{"start":{"line":71,"column":42},"end":{"line":71,"column":65}}},"10":{"name":"(anonymous_10)","decl":{"start":{"line":79,"column":2},"end":{"line":79,"column":13}},"loc":{"start":{"line":79,"column":26},"end":{"line":93,"column":3}}},"11":{"name":"(anonymous_11)","decl":{"start":{"line":83,"column":38},"end":{"line":83,"column":39}},"loc":{"start":{"line":83,"column":45},"end":{"line":83,"column":56}}}},"branchMap":{"0":{"loc":{"start":{"line":33,"column":4},"end":{"line":35,"column":5}},"type":"if","locations":[{"start":{"line":33,"column":4},"end":{"line":35,"column":5}}]},"1":{"loc":{"start":{"line":39,"column":4},"end":{"line":43,"column":5}},"type":"if","locations":[{"start":{"line":39,"column":4},"end":{"line":43,"column":5}},{"start":{"line":41,"column":11},"end":{"line":43,"column":5}}]},"2":{"loc":{"start":{"line":48,"column":4},"end":{"line":50,"column":5}},"type":"if","locations":[{"start":{"line":48,"column":4},"end":{"line":50,"column":5}}]},"3":{"loc":{"start":{"line":53,"column":4},"end":{"line":57,"column":5}},"type":"if","locations":[{"start":{"line":53,"column":4},"end":{"line":57,"column":5}},{"start":{"line":55,"column":11},"end":{"line":57,"column":5}}]},"4":{"loc":{"start":{"line":80,"column":4},"end":{"line":82,"column":5}},"type":"if","locations":[{"start":{"line":80,"column":4},"end":{"line":82,"column":5}}]},"5":{"loc":{"start":{"line":84,"column":4},"end":{"line":92,"column":5}},"type":"if","locations":[{"start":{"line":84,"column":4},"end":{"line":92,"column":5}},{"start":{"line":86,"column":11},"end":{"line":92,"column":5}}]}},"s":{"0":0,"1":0,"2":0,"3":0,"4":0,"5":0,"6":0,"7":0,"8":0,"9":0,"10":0,"11":0,"12":0,"13":0,"14":0,"15":0,"16":0,"17":0,"18":0,"19":0,"20":0,"21":0,"22":0,"23":0,"24":0,"25":0,"26":0,"27":0,"28":0,"29":0,"30":0,"31":0,"32":0,"33":0,"34":0,"35":0},"f":{"0":0,"1":0,"2":0,"3":0,"4":0,"5":0,"6":0,"7":0,"8":0,"9":0,"10":0,"11":0},"b":{"0":[0],"1":[0,0],"2":[0],"3":[0,0],"4":[0],"5":[0,0]}}
,"C:\\Users\\kimse\\Desktop\\short_fe\\prac_3_test\\src\\slice.test.ts": {"path":"C:\\Users\\kimse\\Desktop\\short_fe\\prac_3_test\\src\\slice.test.ts","statementMap":{"0":{"start":{"line":1,"column":0},"end":{"line":1,"column":28}},"1":{"start":{"line":3,"column":0},"end":{"line":139,"column":3}},"2":{"start":{"line":4,"column":2},"end":{"line":12,"column":5}},"3":{"start":{"line":6,"column":18},"end":{"line":6,"column":20}},"4":{"start":{"line":7,"column":19},"end":{"line":7,"column":21}},"5":{"start":{"line":9,"column":19},"end":{"line":9,"column":31}},"6":{"start":{"line":11,"column":4},"end":{"line":11,"column":35}},"7":{"start":{"line":14,"column":2},"end":{"line":22,"column":5}},"8":{"start":{"line":16,"column":18},"end":{"line":16,"column":30}},"9":{"start":{"line":17,"column":19},"end":{"line":17,"column":31}},"10":{"start":{"line":19,"column":19},"end":{"line":19,"column":31}},"11":{"start":{"line":21,"column":4},"end":{"line":21,"column":35}},"12":{"start":{"line":24,"column":2},"end":{"line":33,"column":5}},"13":{"start":{"line":26,"column":18},"end":{"line":26,"column":30}},"14":{"start":{"line":27,"column":18},"end":{"line":27,"column":19}},"15":{"start":{"line":28,"column":19},"end":{"line":28,"column":28}},"16":{"start":{"line":30,"column":19},"end":{"line":30,"column":38}},"17":{"start":{"line":32,"column":4},"end":{"line":32,"column":35}},"18":{"start":{"line":35,"column":2},"end":{"line":44,"column":5}},"19":{"start":{"line":37,"column":18},"end":{"line":37,"column":30}},"20":{"start":{"line":38,"column":18},"end":{"line":38,"column":20}},"21":{"start":{"line":39,"column":19},"end":{"line":39,"column":25}},"22":{"start":{"line":41,"column":19},"end":{"line":41,"column":38}},"23":{"start":{"line":43,"column":4},"end":{"line":43,"column":35}},"24":{"start":{"line":46,"column":2},"end":{"line":56,"column":5}},"25":{"start":{"line":48,"column":18},"end":{"line":48,"column":30}},"26":{"start":{"line":49,"column":18},"end":{"line":49,"column":19}},"27":{"start":{"line":50,"column":16},"end":{"line":50,"column":17}},"28":{"start":{"line":51,"column":19},"end":{"line":51,"column":28}},"29":{"start":{"line":53,"column":19},"end":{"line":53,"column":43}},"30":{"start":{"line":55,"column":4},"end":{"line":55,"column":35}},"31":{"start":{"line":58,"column":2},"end":{"line":68,"column":5}},"32":{"start":{"line":60,"column":18},"end":{"line":60,"column":30}},"33":{"start":{"line":61,"column":18},"end":{"line":61,"column":19}},"34":{"start":{"line":62,"column":16},"end":{"line":62,"column":18}},"35":{"start":{"line":63,"column":19},"end":{"line":63,"column":22}},"36":{"start":{"line":65,"column":19},"end":{"line":65,"column":43}},"37":{"start":{"line":67,"column":4},"end":{"line":67,"column":35}},"38":{"start":{"line":70,"column":2},"end":{"line":79,"column":5}},"39":{"start":{"line":72,"column":18},"end":{"line":72,"column":30}},"40":{"start":{"line":73,"column":18},"end":{"line":73,"column":19}},"41":{"start":{"line":74,"column":19},"end":{"line":74,"column":21}},"42":{"start":{"line":76,"column":19},"end":{"line":76,"column":38}},"43":{"start":{"line":78,"column":4},"end":{"line":78,"column":35}},"44":{"start":{"line":81,"column":2},"end":{"line":91,"column":5}},"45":{"start":{"line":83,"column":18},"end":{"line":83,"column":30}},"46":{"start":{"line":84,"column":18},"end":{"line":84,"column":19}},"47":{"start":{"line":85,"column":16},"end":{"line":85,"column":17}},"48":{"start":{"line":86,"column":19},"end":{"line":86,"column":28}},"49":{"start":{"line":88,"column":19},"end":{"line":88,"column":43}},"50":{"start":{"line":90,"column":4},"end":{"line":90,"column":35}},"51":{"start":{"line":93,"column":2},"end":{"line":103,"column":5}},"52":{"start":{"line":95,"column":18},"end":{"line":95,"column":30}},"53":{"start":{"line":96,"column":18},"end":{"line":96,"column":19}},"54":{"start":{"line":97,"column":16},"end":{"line":97,"column":17}},"55":{"start":{"line":98,"column":19},"end":{"line":98,"column":21}},"56":{"start":{"line":100,"column":19},"end":{"line":100,"column":43}},"57":{"start":{"line":102,"column":4},"end":{"line":102,"column":35}},"58":{"start":{"line":105,"column":2},"end":{"line":114,"column":5}},"59":{"start":{"line":107,"column":18},"end":{"line":107,"column":30}},"60":{"start":{"line":108,"column":18},"end":{"line":108,"column":20}},"61":{"start":{"line":109,"column":19},"end":{"line":109,"column":31}},"62":{"start":{"line":111,"column":19},"end":{"line":111,"column":38}},"63":{"start":{"line":113,"column":4},"end":{"line":113,"column":35}},"64":{"start":{"line":116,"column":2},"end":{"line":126,"column":5}},"65":{"start":{"line":118,"column":18},"end":{"line":118,"column":30}},"66":{"start":{"line":119,"column":18},"end":{"line":119,"column":19}},"67":{"start":{"line":120,"column":16},"end":{"line":120,"column":18}},"68":{"start":{"line":121,"column":19},"end":{"line":121,"column":21}},"69":{"start":{"line":123,"column":19},"end":{"line":123,"column":43}},"70":{"start":{"line":125,"column":4},"end":{"line":125,"column":35}},"71":{"start":{"line":128,"column":2},"end":{"line":138,"column":5}},"72":{"start":{"line":130,"column":18},"end":{"line":130,"column":30}},"73":{"start":{"line":131,"column":18},"end":{"line":131,"column":20}},"74":{"start":{"line":132,"column":16},"end":{"line":132,"column":18}},"75":{"start":{"line":133,"column":19},"end":{"line":133,"column":25}},"76":{"start":{"line":135,"column":19},"end":{"line":135,"column":43}},"77":{"start":{"line":137,"column":4},"end":{"line":137,"column":35}}},"fnMap":{"0":{"name":"(anonymous_0)","decl":{"start":{"line":3,"column":25},"end":{"line":3,"column":28}},"loc":{"start":{"line":3,"column":30},"end":{"line":139,"column":1}}},"1":{"name":"(anonymous_1)","decl":{"start":{"line":4,"column":38},"end":{"line":4,"column":41}},"loc":{"start":{"line":4,"column":43},"end":{"line":12,"column":3}}},"2":{"name":"(anonymous_2)","decl":{"start":{"line":14,"column":86},"end":{"line":14,"column":89}},"loc":{"start":{"line":14,"column":91},"end":{"line":22,"column":3}}},"3":{"name":"(anonymous_3)","decl":{"start":{"line":24,"column":52},"end":{"line":24,"column":55}},"loc":{"start":{"line":24,"column":57},"end":{"line":33,"column":3}}},"4":{"name":"(anonymous_4)","decl":{"start":{"line":35,"column":59},"end":{"line":35,"column":62}},"loc":{"start":{"line":35,"column":64},"end":{"line":44,"column":3}}},"5":{"name":"(anonymous_5)","decl":{"start":{"line":46,"column":60},"end":{"line":46,"column":63}},"loc":{"start":{"line":46,"column":65},"end":{"line":56,"column":3}}},"6":{"name":"(anonymous_6)","decl":{"start":{"line":58,"column":66},"end":{"line":58,"column":69}},"loc":{"start":{"line":58,"column":71},"end":{"line":68,"column":3}}},"7":{"name":"(anonymous_7)","decl":{"start":{"line":70,"column":47},"end":{"line":70,"column":50}},"loc":{"start":{"line":70,"column":52},"end":{"line":79,"column":3}}},"8":{"name":"(anonymous_8)","decl":{"start":{"line":81,"column":56},"end":{"line":81,"column":59}},"loc":{"start":{"line":81,"column":61},"end":{"line":91,"column":3}}},"9":{"name":"(anonymous_9)","decl":{"start":{"line":93,"column":48},"end":{"line":93,"column":51}},"loc":{"start":{"line":93,"column":53},"end":{"line":103,"column":3}}},"10":{"name":"(anonymous_10)","decl":{"start":{"line":105,"column":58},"end":{"line":105,"column":61}},"loc":{"start":{"line":105,"column":63},"end":{"line":114,"column":3}}},"11":{"name":"(anonymous_11)","decl":{"start":{"line":116,"column":51},"end":{"line":116,"column":54}},"loc":{"start":{"line":116,"column":56},"end":{"line":126,"column":3}}},"12":{"name":"(anonymous_12)","decl":{"start":{"line":128,"column":108},"end":{"line":128,"column":111}},"loc":{"start":{"line":128,"column":113},"end":{"line":138,"column":3}}}},"branchMap":{},"s":{"0":0,"1":0,"2":0,"3":0,"4":0,"5":0,"6":0,"7":0,"8":0,"9":0,"10":0,"11":0,"12":0,"13":0,"14":0,"15":0,"16":0,"17":0,"18":0,"19":0,"20":0,"21":0,"22":0,"23":0,"24":0,"25":0,"26":0,"27":0,"28":0,"29":0,"30":0,"31":0,"32":0,"33":0,"34":0,"35":0,"36":0,"37":0,"38":0,"39":0,"40":0,"41":0,"42":0,"43":0,"44":0,"45":0,"46":0,"47":0,"48":0,"49":0,"50":0,"51":0,"52":0,"53":0,"54":0,"55":0,"56":0,"57":0,"58":0,"59":0,"60":0,"61":0,"62":0,"63":0,"64":0,"65":0,"66":0,"67":0,"68":0,"69":0,"70":0,"71":0,"72":0,"73":0,"74":0,"75":0,"76":0,"77":0},"f":{"0":0,"1":0,"2":0,"3":0,"4":0,"5":0,"6":0,"7":0,"8":0,"9":0,"10":0,"11":0,"12":0},"b":{}}
,"C:\\Users\\kimse\\Desktop\\short_fe\\prac_3_test\\src\\slice.ts": {"path":"C:\\Users\\kimse\\Desktop\\short_fe\\prac_3_test\\src\\slice.ts","statementMap":{"0":{"start":{"line":17,"column":15},"end":{"line":17,"column":27}},"1":{"start":{"line":18,"column":2},"end":{"line":20,"column":3}},"2":{"start":{"line":19,"column":4},"end":{"line":19,"column":14}},"3":{"start":{"line":21,"column":2},"end":{"line":21,"column":36}},"4":{"start":{"line":22,"column":2},"end":{"line":22,"column":41}},"5":{"start":{"line":24,"column":2},"end":{"line":26,"column":3}},"6":{"start":{"line":25,"column":4},"end":{"line":25,"column":49}},"7":{"start":{"line":27,"column":2},"end":{"line":27,"column":36}},"8":{"start":{"line":28,"column":2},"end":{"line":30,"column":3}},"9":{"start":{"line":29,"column":4},"end":{"line":29,"column":18}},"10":{"start":{"line":31,"column":2},"end":{"line":31,"column":49}},"11":{"start":{"line":32,"column":2},"end":{"line":32,"column":15}},"12":{"start":{"line":34,"column":14},"end":{"line":34,"column":16}},"13":{"start":{"line":35,"column":17},"end":{"line":35,"column":34}},"14":{"start":{"line":36,"column":2},"end":{"line":38,"column":3}},"15":{"start":{"line":37,"column":4},"end":{"line":37,"column":41}},"16":{"start":{"line":39,"column":2},"end":{"line":39,"column":16}},"17":{"start":{"line":42,"column":0},"end":{"line":42,"column":21}}},"fnMap":{"0":{"name":"slice","decl":{"start":{"line":16,"column":9},"end":{"line":16,"column":14}},"loc":{"start":{"line":16,"column":57},"end":{"line":40,"column":1}}}},"branchMap":{"0":{"loc":{"start":{"line":18,"column":2},"end":{"line":20,"column":3}},"type":"if","locations":[{"start":{"line":18,"column":2},"end":{"line":20,"column":3}}]},"1":{"loc":{"start":{"line":21,"column":10},"end":{"line":21,"column":35}},"type":"cond-expr","locations":[{"start":{"line":21,"column":26},"end":{"line":21,"column":27}},{"start":{"line":21,"column":30},"end":{"line":21,"column":35}}]},"2":{"loc":{"start":{"line":22,"column":8},"end":{"line":22,"column":40}},"type":"cond-expr","locations":[{"start":{"line":22,"column":28},"end":{"line":22,"column":34}},{"start":{"line":22,"column":37},"end":{"line":22,"column":40}}]},"3":{"loc":{"start":{"line":24,"column":2},"end":{"line":26,"column":3}},"type":"if","locations":[{"start":{"line":24,"column":2},"end":{"line":26,"column":3}}]},"4":{"loc":{"start":{"line":25,"column":12},"end":{"line":25,"column":48}},"type":"cond-expr","locations":[{"start":{"line":25,"column":30},"end":{"line":25,"column":31}},{"start":{"line":25,"column":34},"end":{"line":25,"column":48}}]},"5":{"loc":{"start":{"line":27,"column":8},"end":{"line":27,"column":35}},"type":"cond-expr","locations":[{"start":{"line":27,"column":23},"end":{"line":27,"column":29}},{"start":{"line":27,"column":32},"end":{"line":27,"column":35}}]},"6":{"loc":{"start":{"line":28,"column":2},"end":{"line":30,"column":3}},"type":"if","locations":[{"start":{"line":28,"column":2},"end":{"line":30,"column":3}}]},"7":{"loc":{"start":{"line":31,"column":11},"end":{"line":31,"column":48}},"type":"cond-expr","locations":[{"start":{"line":31,"column":25},"end":{"line":31,"column":26}},{"start":{"line":31,"column":29},"end":{"line":31,"column":48}}]}},"s":{"0":0,"1":0,"2":0,"3":0,"4":0,"5":0,"6":0,"7":0,"8":0,"9":0,"10":0,"11":0,"12":0,"13":0,"14":0,"15":0,"16":0,"17":0},"f":{"0":0},"b":{"0":[0],"1":[0,0],"2":[0,0],"3":[0],"4":[0,0],"5":[0,0],"6":[0],"7":[0,0]}}
,"C:\\Users\\kimse\\Desktop\\short_fe\\prac_3_test\\src\\util.test.ts": {"path":"C:\\Users\\kimse\\Desktop\\short_fe\\prac_3_test\\src\\util.test.ts","statementMap":{"0":{"start":{"line":1,"column":0},"end":{"line":1,"column":37}},"1":{"start":{"line":9,"column":0},"end":{"line":47,"column":3}},"2":{"start":{"line":10,"column":2},"end":{"line":22,"column":5}},"3":{"start":{"line":12,"column":18},"end":{"line":12,"column":25}},"4":{"start":{"line":13,"column":19},"end":{"line":13,"column":26}},"5":{"start":{"line":17,"column":19},"end":{"line":17,"column":37}},"6":{"start":{"line":21,"column":4},"end":{"line":21,"column":32}},"7":{"start":{"line":24,"column":2},"end":{"line":31,"column":5}},"8":{"start":{"line":25,"column":18},"end":{"line":25,"column":25}},"9":{"start":{"line":26,"column":19},"end":{"line":26,"column":26}},"10":{"start":{"line":28,"column":19},"end":{"line":28,"column":37}},"11":{"start":{"line":30,"column":4},"end":{"line":30,"column":36}},"12":{"start":{"line":33,"column":2},"end":{"line":40,"column":5}},"13":{"start":{"line":34,"column":18},"end":{"line":34,"column":23}},"14":{"start":{"line":35,"column":19},"end":{"line":35,"column":24}},"15":{"start":{"line":37,"column":19},"end":{"line":37,"column":37}},"16":{"start":{"line":39,"column":4},"end":{"line":39,"column":32}},"17":{"start":{"line":42,"column":2},"end":{"line":46,"column":5}},"18":{"start":{"line":43,"column":18},"end":{"line":43,"column":20}},"19":{"start":{"line":45,"column":4},"end":{"line":45,"column":45}},"20":{"start":{"line":45,"column":17},"end":{"line":45,"column":35}}},"fnMap":{"0":{"name":"(anonymous_0)","decl":{"start":{"line":9,"column":32},"end":{"line":9,"column":35}},"loc":{"start":{"line":9,"column":37},"end":{"line":47,"column":1}}},"1":{"name":"(anonymous_1)","decl":{"start":{"line":10,"column":29},"end":{"line":10,"column":32}},"loc":{"start":{"line":10,"column":34},"end":{"line":22,"column":3}}},"2":{"name":"(anonymous_2)","decl":{"start":{"line":24,"column":29},"end":{"line":24,"column":32}},"loc":{"start":{"line":24,"column":34},"end":{"line":31,"column":3}}},"3":{"name":"(anonymous_3)","decl":{"start":{"line":33,"column":28},"end":{"line":33,"column":31}},"loc":{"start":{"line":33,"column":33},"end":{"line":40,"column":3}}},"4":{"name":"(anonymous_4)","decl":{"start":{"line":42,"column":30},"end":{"line":42,"column":33}},"loc":{"start":{"line":42,"column":35},"end":{"line":46,"column":3}}},"5":{"name":"(anonymous_5)","decl":{"start":{"line":45,"column":11},"end":{"line":45,"column":14}},"loc":{"start":{"line":45,"column":17},"end":{"line":45,"column":35}}}},"branchMap":{},"s":{"0":0,"1":0,"2":0,"3":0,"4":0,"5":0,"6":0,"7":0,"8":0,"9":0,"10":0,"11":0,"12":0,"13":0,"14":0,"15":0,"16":0,"17":0,"18":0,"19":0,"20":0},"f":{"0":0,"1":0,"2":0,"3":0,"4":0,"5":0},"b":{}}
,"C:\\Users\\kimse\\Desktop\\short_fe\\prac_3_test\\src\\util.ts": {"path":"C:\\Users\\kimse\\Desktop\\short_fe\\prac_3_test\\src\\util.ts","statementMap":{"0":{"start":{"line":1,"column":27},"end":{"line":6,"column":1}},"1":{"start":{"line":2,"column":2},"end":{"line":4,"column":3}},"2":{"start":{"line":3,"column":4},"end":{"line":3,"column":41}},"3":{"start":{"line":5,"column":2},"end":{"line":5,"column":27}},"4":{"start":{"line":1,"column":13},"end":{"line":1,"column":27}}},"fnMap":{"0":{"name":"(anonymous_0)","decl":{"start":{"line":1,"column":27},"end":{"line":1,"column":28}},"loc":{"start":{"line":1,"column":43},"end":{"line":6,"column":1}}}},"branchMap":{"0":{"loc":{"start":{"line":2,"column":2},"end":{"line":4,"column":3}},"type":"if","locations":[{"start":{"line":2,"column":2},"end":{"line":4,"column":3}}]}},"s":{"0":0,"1":0,"2":0,"3":0,"4":0},"f":{"0":0},"b":{"0":[0]}}
}
