TN:
SF:src\chunk.ts
FN:17,chunk
FNF:1
FNH:1
FNDA:1,chunk
DA:17,1
DA:18,1
DA:19,1
DA:20,1
DA:21,0
DA:23,1
DA:24,1
DA:25,1
DA:27,1
DA:28,2
DA:30,1
LF:11
LH:10
BRDA:17,0,0,0
BRDA:19,1,0,0
BRDA:19,1,1,1
BRDA:20,2,0,0
BRDA:20,3,0,1
BRDA:20,3,1,1
BRF:6
BRH:3
end_of_record
TN:
SF:src\music.test.ts
FN:3,(anonymous_0)
FN:6,(anonymous_1)
FN:37,(anonymous_2)
FN:56,(anonymous_3)
FN:69,(anonymous_4)
FN:74,(anonymous_5)
FN:83,(anonymous_6)
FN:93,(anonymous_7)
FN:104,(anonymous_8)
FN:114,(anonymous_9)
FN:124,(anonymous_10)
FN:135,(anonymous_11)
FN:149,(anonymous_12)
FN:165,(anonymous_13)
FN:180,(anonymous_14)
FN:184,(anonymous_15)
FN:187,(anonymous_16)
FN:202,(anonymous_17)
FN:217,(anonymous_18)
FN:221,(anonymous_19)
FN:226,(anonymous_20)
FN:233,(anonymous_21)
FN:238,(anonymous_22)
FNF:23
FNH:0
FNDA:0,(anonymous_0)
FNDA:0,(anonymous_1)
FNDA:0,(anonymous_2)
FNDA:0,(anonymous_3)
FNDA:0,(anonymous_4)
FNDA:0,(anonymous_5)
FNDA:0,(anonymous_6)
FNDA:0,(anonymous_7)
FNDA:0,(anonymous_8)
FNDA:0,(anonymous_9)
FNDA:0,(anonymous_10)
FNDA:0,(anonymous_11)
FNDA:0,(anonymous_12)
FNDA:0,(anonymous_13)
FNDA:0,(anonymous_14)
FNDA:0,(anonymous_15)
FNDA:0,(anonymous_16)
FNDA:0,(anonymous_17)
FNDA:0,(anonymous_18)
FNDA:0,(anonymous_19)
FNDA:0,(anonymous_20)
FNDA:0,(anonymous_21)
FNDA:0,(anonymous_22)
DA:1,0
DA:3,0
DA:6,0
DA:8,0
DA:11,0
DA:18,0
DA:24,0
DA:30,0
DA:37,0
DA:40,0
DA:47,0
DA:50,0
DA:53,0
DA:56,0
DA:59,0
DA:60,0
DA:63,0
DA:66,0
DA:69,0
DA:70,0
DA:71,0
DA:74,0
DA:76,0
DA:78,0
DA:80,0
DA:83,0
DA:87,0
DA:90,0
DA:93,0
DA:95,0
DA:98,0
DA:101,0
DA:104,0
DA:108,0
DA:111,0
DA:114,0
DA:118,0
DA:121,0
DA:124,0
DA:126,0
DA:129,0
DA:132,0
DA:135,0
DA:139,0
DA:140,0
DA:142,0
DA:143,0
DA:149,0
DA:152,0
DA:153,0
DA:154,0
DA:156,0
DA:159,0
DA:162,0
DA:165,0
DA:167,0
DA:168,0
DA:169,0
DA:171,0
DA:174,0
DA:177,0
DA:180,0
DA:184,0
DA:187,0
DA:189,0
DA:190,0
DA:191,0
DA:193,0
DA:196,0
DA:199,0
DA:202,0
DA:204,0
DA:205,0
DA:206,0
DA:208,0
DA:211,0
DA:214,0
DA:217,0
DA:221,0
DA:222,0
DA:226,0
DA:228,0
DA:229,0
DA:230,0
DA:233,0
DA:234,0
DA:238,0
DA:240,0
DA:241,0
DA:242,0
DA:244,0
DA:246,0
DA:247,0
LF:93
LH:0
BRF:0
BRH:0
end_of_record
TN:
SF:src\music.ts
FN:14,(anonymous_0)
FN:18,(anonymous_1)
FN:23,(anonymous_2)
FN:27,(anonymous_3)
FN:32,(anonymous_4)
FN:47,(anonymous_5)
FN:61,(anonymous_6)
FN:66,(anonymous_7)
FN:70,(anonymous_8)
FN:71,(anonymous_9)
FN:79,(anonymous_10)
FN:83,(anonymous_11)
FNF:12
FNH:0
FNDA:0,(anonymous_0)
FNDA:0,(anonymous_1)
FNDA:0,(anonymous_2)
FNDA:0,(anonymous_3)
FNDA:0,(anonymous_4)
FNDA:0,(anonymous_5)
FNDA:0,(anonymous_6)
FNDA:0,(anonymous_7)
FNDA:0,(anonymous_8)
FNDA:0,(anonymous_9)
FNDA:0,(anonymous_10)
FNDA:0,(anonymous_11)
DA:10,0
DA:11,0
DA:12,0
DA:15,0
DA:19,0
DA:20,0
DA:24,0
DA:28,0
DA:29,0
DA:33,0
DA:34,0
DA:37,0
DA:39,0
DA:40,0
DA:42,0
DA:44,0
DA:48,0
DA:49,0
DA:51,0
DA:53,0
DA:54,0
DA:56,0
DA:58,0
DA:62,0
DA:63,0
DA:67,0
DA:71,0
DA:80,0
DA:81,0
DA:83,0
DA:84,0
DA:85,0
DA:87,0
DA:91,0
LF:34
LH:0
BRDA:33,0,0,0
BRDA:39,1,0,0
BRDA:39,1,1,0
BRDA:48,2,0,0
BRDA:53,3,0,0
BRDA:53,3,1,0
BRDA:80,4,0,0
BRDA:84,5,0,0
BRDA:84,5,1,0
BRF:9
BRH:0
end_of_record
TN:
SF:src\slice.test.ts
FN:3,(anonymous_0)
FN:4,(anonymous_1)
FN:14,(anonymous_2)
FN:24,(anonymous_3)
FN:35,(anonymous_4)
FN:46,(anonymous_5)
FN:58,(anonymous_6)
FN:70,(anonymous_7)
FN:81,(anonymous_8)
FN:93,(anonymous_9)
FN:105,(anonymous_10)
FN:116,(anonymous_11)
FN:128,(anonymous_12)
FNF:13
FNH:0
FNDA:0,(anonymous_0)
FNDA:0,(anonymous_1)
FNDA:0,(anonymous_2)
FNDA:0,(anonymous_3)
FNDA:0,(anonymous_4)
FNDA:0,(anonymous_5)
FNDA:0,(anonymous_6)
FNDA:0,(anonymous_7)
FNDA:0,(anonymous_8)
FNDA:0,(anonymous_9)
FNDA:0,(anonymous_10)
FNDA:0,(anonymous_11)
FNDA:0,(anonymous_12)
DA:1,0
DA:3,0
DA:4,0
DA:6,0
DA:7,0
DA:9,0
DA:11,0
DA:14,0
DA:16,0
DA:17,0
DA:19,0
DA:21,0
DA:24,0
DA:26,0
DA:27,0
DA:28,0
DA:30,0
DA:32,0
DA:35,0
DA:37,0
DA:38,0
DA:39,0
DA:41,0
DA:43,0
DA:46,0
DA:48,0
DA:49,0
DA:50,0
DA:51,0
DA:53,0
DA:55,0
DA:58,0
DA:60,0
DA:61,0
DA:62,0
DA:63,0
DA:65,0
DA:67,0
DA:70,0
DA:72,0
DA:73,0
DA:74,0
DA:76,0
DA:78,0
DA:81,0
DA:83,0
DA:84,0
DA:85,0
DA:86,0
DA:88,0
DA:90,0
DA:93,0
DA:95,0
DA:96,0
DA:97,0
DA:98,0
DA:100,0
DA:102,0
DA:105,0
DA:107,0
DA:108,0
DA:109,0
DA:111,0
DA:113,0
DA:116,0
DA:118,0
DA:119,0
DA:120,0
DA:121,0
DA:123,0
DA:125,0
DA:128,0
DA:130,0
DA:131,0
DA:132,0
DA:133,0
DA:135,0
DA:137,0
LF:78
LH:0
BRF:0
BRH:0
end_of_record
TN:
SF:src\slice.ts
FN:16,slice
FNF:1
FNH:0
FNDA:0,slice
DA:17,0
DA:18,0
DA:19,0
DA:21,0
DA:22,0
DA:24,0
DA:25,0
DA:27,0
DA:28,0
DA:29,0
DA:31,0
DA:32,0
DA:34,0
DA:35,0
DA:36,0
DA:37,0
DA:39,0
DA:42,0
LF:18
LH:0
BRDA:18,0,0,0
BRDA:21,1,0,0
BRDA:21,1,1,0
BRDA:22,2,0,0
BRDA:22,2,1,0
BRDA:24,3,0,0
BRDA:25,4,0,0
BRDA:25,4,1,0
BRDA:27,5,0,0
BRDA:27,5,1,0
BRDA:28,6,0,0
BRDA:31,7,0,0
BRDA:31,7,1,0
BRF:13
BRH:0
end_of_record
TN:
SF:src\util.test.ts
FN:9,(anonymous_0)
FN:10,(anonymous_1)
FN:24,(anonymous_2)
FN:33,(anonymous_3)
FN:42,(anonymous_4)
FN:45,(anonymous_5)
FNF:6
FNH:0
FNDA:0,(anonymous_0)
FNDA:0,(anonymous_1)
FNDA:0,(anonymous_2)
FNDA:0,(anonymous_3)
FNDA:0,(anonymous_4)
FNDA:0,(anonymous_5)
DA:1,0
DA:9,0
DA:10,0
DA:12,0
DA:13,0
DA:17,0
DA:21,0
DA:24,0
DA:25,0
DA:26,0
DA:28,0
DA:30,0
DA:33,0
DA:34,0
DA:35,0
DA:37,0
DA:39,0
DA:42,0
DA:43,0
DA:45,0
LF:20
LH:0
BRF:0
BRH:0
end_of_record
TN:
SF:src\util.ts
FN:1,(anonymous_0)
FNF:1
FNH:0
FNDA:0,(anonymous_0)
DA:1,0
DA:2,0
DA:3,0
DA:5,0
LF:4
LH:0
BRDA:2,0,0,0
BRF:1
BRH:0
end_of_record
